
Circuit 1 cell sky130_fd_pr__nfet_01v8 and Circuit 2 cell sky130_fd_pr__nfet_01v8 are black boxes.
Warning: Equate pins:  cell sky130_fd_pr__nfet_01v8 is a placeholder, treated as a black box.
Warning: Equate pins:  cell sky130_fd_pr__nfet_01v8 is a placeholder, treated as a black box.

Subcircuit pins:
Circuit 1: sky130_fd_pr__nfet_01v8         |Circuit 2: sky130_fd_pr__nfet_01v8         
-------------------------------------------|-------------------------------------------
1                                          |1                                          
2                                          |2                                          
3                                          |3                                          
4                                          |4                                          
---------------------------------------------------------------------------------------
Cell pin lists are equivalent.
Device classes sky130_fd_pr__nfet_01v8 and sky130_fd_pr__nfet_01v8 are equivalent.
Flattening unmatched subcell sky130_fd_pr__nfet_01v8_46AAJJ in circuit nmosdp (0)(3 instances)
Flattening unmatched subcell sky130_fd_pr__nfet_01v8_7QRB7N in circuit nmosdp (0)(1 instance)
Flattening unmatched subcell sky130_fd_pr__nfet_01v8_TCR5KT in circuit nmosdp (0)(4 instances)

Class nmosdp (0):  Merged 4 parallel devices.
Subcircuit summary:
Circuit 1: nmosdp                          |Circuit 2: nmosdp                          
-------------------------------------------|-------------------------------------------
sky130_fd_pr__nfet_01v8 (8->4)             |sky130_fd_pr__nfet_01v8 (8->4)             
Number of devices: 4                       |Number of devices: 4                       
Number of nets: 4                          |Number of nets: 4                          
---------------------------------------------------------------------------------------
Netlists match uniquely.

Subcircuit pins:
Circuit 1: nmosdp                          |Circuit 2: nmosdp                          
-------------------------------------------|-------------------------------------------
GND                                        |GND                                        
D1                                         |D1                                         
D4                                         |D4                                         
RS                                         |RS                                         
---------------------------------------------------------------------------------------
Cell pin lists are equivalent.
Device classes nmosdp and nmosdp are equivalent.

Final result: Circuits match uniquely.
.
